slurmstepd: info: Setting TMPDIR to /scratch/10191651. Previous errors about TMPDIR can be discarded
Loaded configuration:
{
    "models": {
        "FRNet": {
            "type": "FRNet",
            "ch_in": 1,
            "ch_out": 1,
            "cls_init_block": "RRCNNBlock",
            "cls_conv_block": "RecurrentConvNeXtBlock"
        },
        "RoiNetRec": {
            "type": "RoiNet",
            "ch_in": 3,
            "ch_out": 1,
            "ls_mid_ch": [
                32,
                64,
                128,
                128,
                64,
                32
            ],
            "out_k_size": 11,
            "k_size": 3,
            "cls_init_block": "RRCNNBlock",
            "cls_conv_block": "RecurrentConvNeXtBlock"
        },
        "RoiNet": {
            "type": "RoiNet",
            "ch_in": 3,
            "ch_out": 1,
            "ls_mid_ch": [
                32,
                64,
                128,
                128,
                64,
                32
            ],
            "out_k_size": 11,
            "k_size": 3,
            "cls_init_block": "ResidualBlock",
            "cls_conv_block": "ResidualBlock"
        }
    },
    "datasets": {
        "FIVES": {
            "paths": {
                "train": "dataset/FIVES/train",
                "val": "dataset/FIVES/val",
                "test": "dataset/FIVES/test"
            },
            "preprocessing": {
                "start": 0,
                "end": 1
            }
        }
    },
    "training": {
        "epochs": 300,
        "accumulation_steps": 1,
        "mixed_precision": true,
        "early_stopping_threshold": 100,
        "num_workers": 16,
        "learning_rate": 0.0001,
        "weight_decay": 0.001,
        "batch_size": 2,
        "logging_enabled": false
    }
}
Absolute Dataset path: /mnt/netapp2/Home_FT2/home/usc/ec/rsm/tfg_codebase_cesga/dataset/FIVES/train
Image dir: /mnt/netapp2/Home_FT2/home/usc/ec/rsm/tfg_codebase_cesga/dataset/FIVES/train/image
Label dir: /mnt/netapp2/Home_FT2/home/usc/ec/rsm/tfg_codebase_cesga/dataset/FIVES/train/label
Absolute Dataset path: /mnt/netapp2/Home_FT2/home/usc/ec/rsm/tfg_codebase_cesga/dataset/FIVES/val
Image dir: /mnt/netapp2/Home_FT2/home/usc/ec/rsm/tfg_codebase_cesga/dataset/FIVES/val/image
Label dir: /mnt/netapp2/Home_FT2/home/usc/ec/rsm/tfg_codebase_cesga/dataset/FIVES/val/label
Absolute Dataset path: /mnt/netapp2/Home_FT2/home/usc/ec/rsm/tfg_codebase_cesga/dataset/FIVES/test
Image dir: /mnt/netapp2/Home_FT2/home/usc/ec/rsm/tfg_codebase_cesga/dataset/FIVES/test/image
Label dir: /mnt/netapp2/Home_FT2/home/usc/ec/rsm/tfg_codebase_cesga/dataset/FIVES/test/label
Testing dataset: FIVES (train split)
Index: 0, Name: 519_N.png
Image Path: dataset/FIVES/train/image/519_N.png, Label Path: dataset/FIVES/train/label/519_N.png
Image Shape: (2048, 2048, 3), Label Shape: (2048, 2048)
Error processing index 0: OpenCV(4.11.0) /io/opencv/modules/core/src/copy.cpp:1026: error: (-215:Assertion failed) top >= 0 && bottom >= 0 && left >= 0 && right >= 0 && _src.dims() <= 2 in function 'copyMakeBorder'

Error at index 0: OpenCV(4.11.0) /io/opencv/modules/core/src/copy.cpp:1026: error: (-215:Assertion failed) top >= 0 && bottom >= 0 && left >= 0 && right >= 0 && _src.dims() <= 2 in function 'copyMakeBorder'

Index: 1, Name: 428_G.png
Image Path: dataset/FIVES/train/image/428_G.png, Label Path: dataset/FIVES/train/label/428_G.png
Image Shape: (2048, 2048, 3), Label Shape: (2048, 2048)
Error processing index 1: OpenCV(4.11.0) /io/opencv/modules/core/src/copy.cpp:1026: error: (-215:Assertion failed) top >= 0 && bottom >= 0 && left >= 0 && right >= 0 && _src.dims() <= 2 in function 'copyMakeBorder'

Error at index 1: OpenCV(4.11.0) /io/opencv/modules/core/src/copy.cpp:1026: error: (-215:Assertion failed) top >= 0 && bottom >= 0 && left >= 0 && right >= 0 && _src.dims() <= 2 in function 'copyMakeBorder'

Index: 2, Name: 223_D.png
Image Path: dataset/FIVES/train/image/223_D.png, Label Path: dataset/FIVES/train/label/223_D.png
Image Shape: (2048, 2048, 3), Label Shape: (2048, 2048)
Error processing index 2: OpenCV(4.11.0) /io/opencv/modules/core/src/copy.cpp:1026: error: (-215:Assertion failed) top >= 0 && bottom >= 0 && left >= 0 && right >= 0 && _src.dims() <= 2 in function 'copyMakeBorder'

Error at index 2: OpenCV(4.11.0) /io/opencv/modules/core/src/copy.cpp:1026: error: (-215:Assertion failed) top >= 0 && bottom >= 0 && left >= 0 && right >= 0 && _src.dims() <= 2 in function 'copyMakeBorder'

Index: 3, Name: 443_G.png
Image Path: dataset/FIVES/train/image/443_G.png, Label Path: dataset/FIVES/train/label/443_G.png
Image Shape: (2048, 2048, 3), Label Shape: (2048, 2048)
Error processing index 3: OpenCV(4.11.0) /io/opencv/modules/core/src/copy.cpp:1026: error: (-215:Assertion failed) top >= 0 && bottom >= 0 && left >= 0 && right >= 0 && _src.dims() <= 2 in function 'copyMakeBorder'

Error at index 3: OpenCV(4.11.0) /io/opencv/modules/core/src/copy.cpp:1026: error: (-215:Assertion failed) top >= 0 && bottom >= 0 && left >= 0 && right >= 0 && _src.dims() <= 2 in function 'copyMakeBorder'

Index: 4, Name: 528_N.png
Image Path: dataset/FIVES/train/image/528_N.png, Label Path: dataset/FIVES/train/label/528_N.png
Image Shape: (2048, 2048, 3), Label Shape: (2048, 2048)
Error processing index 4: OpenCV(4.11.0) /io/opencv/modules/core/src/copy.cpp:1026: error: (-215:Assertion failed) top >= 0 && bottom >= 0 && left >= 0 && right >= 0 && _src.dims() <= 2 in function 'copyMakeBorder'

Error at index 4: OpenCV(4.11.0) /io/opencv/modules/core/src/copy.cpp:1026: error: (-215:Assertion failed) top >= 0 && bottom >= 0 && left >= 0 && right >= 0 && _src.dims() <= 2 in function 'copyMakeBorder'

Index: 5, Name: 350_G.png
Image Path: dataset/FIVES/train/image/350_G.png, Label Path: dataset/FIVES/train/label/350_G.png
Image Shape: (2048, 2048, 3), Label Shape: (2048, 2048)
Error processing index 5: OpenCV(4.11.0) /io/opencv/modules/core/src/copy.cpp:1026: error: (-215:Assertion failed) top >= 0 && bottom >= 0 && left >= 0 && right >= 0 && _src.dims() <= 2 in function 'copyMakeBorder'

Error at index 5: OpenCV(4.11.0) /io/opencv/modules/core/src/copy.cpp:1026: error: (-215:Assertion failed) top >= 0 && bottom >= 0 && left >= 0 && right >= 0 && _src.dims() <= 2 in function 'copyMakeBorder'

Index: 6, Name: 99_A.png
Image Path: dataset/FIVES/train/image/99_A.png, Label Path: dataset/FIVES/train/label/99_A.png
Image Shape: (2048, 2048, 3), Label Shape: (2048, 2048)
Error processing index 6: OpenCV(4.11.0) /io/opencv/modules/core/src/copy.cpp:1026: error: (-215:Assertion failed) top >= 0 && bottom >= 0 && left >= 0 && right >= 0 && _src.dims() <= 2 in function 'copyMakeBorder'

Error at index 6: OpenCV(4.11.0) /io/opencv/modules/core/src/copy.cpp:1026: error: (-215:Assertion failed) top >= 0 && bottom >= 0 && left >= 0 && right >= 0 && _src.dims() <= 2 in function 'copyMakeBorder'

Index: 7, Name: 582_N.png
Image Path: dataset/FIVES/train/image/582_N.png, Label Path: dataset/FIVES/train/label/582_N.png
Image Shape: (2048, 2048, 3), Label Shape: (2048, 2048)
Error processing index 7: OpenCV(4.11.0) /io/opencv/modules/core/src/copy.cpp:1026: error: (-215:Assertion failed) top >= 0 && bottom >= 0 && left >= 0 && right >= 0 && _src.dims() <= 2 in function 'copyMakeBorder'

Error at index 7: OpenCV(4.11.0) /io/opencv/modules/core/src/copy.cpp:1026: error: (-215:Assertion failed) top >= 0 && bottom >= 0 && left >= 0 && right >= 0 && _src.dims() <= 2 in function 'copyMakeBorder'

Index: 8, Name: 357_G.png
Image Path: dataset/FIVES/train/image/357_G.png, Label Path: dataset/FIVES/train/label/357_G.png
Image Shape: (2048, 2048, 3), Label Shape: (2048, 2048)
Error processing index 8: OpenCV(4.11.0) /io/opencv/modules/core/src/copy.cpp:1026: error: (-215:Assertion failed) top >= 0 && bottom >= 0 && left >= 0 && right >= 0 && _src.dims() <= 2 in function 'copyMakeBorder'

Error at index 8: OpenCV(4.11.0) /io/opencv/modules/core/src/copy.cpp:1026: error: (-215:Assertion failed) top >= 0 && bottom >= 0 && left >= 0 && right >= 0 && _src.dims() <= 2 in function 'copyMakeBorder'

Index: 9, Name: 140_A.png
Image Path: dataset/FIVES/train/image/140_A.png, Label Path: dataset/FIVES/train/label/140_A.png
Image Shape: (2048, 2048, 3), Label Shape: (2048, 2048)
Error processing index 9: OpenCV(4.11.0) /io/opencv/modules/core/src/copy.cpp:1026: error: (-215:Assertion failed) top >= 0 && bottom >= 0 && left >= 0 && right >= 0 && _src.dims() <= 2 in function 'copyMakeBorder'

Error at index 9: OpenCV(4.11.0) /io/opencv/modules/core/src/copy.cpp:1026: error: (-215:Assertion failed) top >= 0 && bottom >= 0 && left >= 0 && right >= 0 && _src.dims() <= 2 in function 'copyMakeBorder'

Index: 10, Name: 45_A.png
Image Path: dataset/FIVES/train/image/45_A.png, Label Path: dataset/FIVES/train/label/45_A.png
Image Shape: (2048, 2048, 3), Label Shape: (2048, 2048)
Error processing index 10: OpenCV(4.11.0) /io/opencv/modules/core/src/copy.cpp:1026: error: (-215:Assertion failed) top >= 0 && bottom >= 0 && left >= 0 && right >= 0 && _src.dims() <= 2 in function 'copyMakeBorder'

Error at index 10: OpenCV(4.11.0) /io/opencv/modules/core/src/copy.cpp:1026: error: (-215:Assertion failed) top >= 0 && bottom >= 0 && left >= 0 && right >= 0 && _src.dims() <= 2 in function 'copyMakeBorder'

Index: 11, Name: 66_A.png
Image Path: dataset/FIVES/train/image/66_A.png, Label Path: dataset/FIVES/train/label/66_A.png
Image Shape: (2048, 2048, 3), Label Shape: (2048, 2048)
Error processing index 11: OpenCV(4.11.0) /io/opencv/modules/core/src/copy.cpp:1026: error: (-215:Assertion failed) top >= 0 && bottom >= 0 && left >= 0 && right >= 0 && _src.dims() <= 2 in function 'copyMakeBorder'

Error at index 11: OpenCV(4.11.0) /io/opencv/modules/core/src/copy.cpp:1026: error: (-215:Assertion failed) top >= 0 && bottom >= 0 && left >= 0 && right >= 0 && _src.dims() <= 2 in function 'copyMakeBorder'

Index: 12, Name: 251_D.png
Image Path: dataset/FIVES/train/image/251_D.png, Label Path: dataset/FIVES/train/label/251_D.png
Image Shape: (2048, 2048, 3), Label Shape: (2048, 2048)
Error processing index 12: OpenCV(4.11.0) /io/opencv/modules/core/src/copy.cpp:1026: error: (-215:Assertion failed) top >= 0 && bottom >= 0 && left >= 0 && right >= 0 && _src.dims() <= 2 in function 'copyMakeBorder'

Error at index 12: OpenCV(4.11.0) /io/opencv/modules/core/src/copy.cpp:1026: error: (-215:Assertion failed) top >= 0 && bottom >= 0 && left >= 0 && right >= 0 && _src.dims() <= 2 in function 'copyMakeBorder'

Index: 13, Name: 180_D.png
Image Path: dataset/FIVES/train/image/180_D.png, Label Path: dataset/FIVES/train/label/180_D.png
Image Shape: (2048, 2048, 3), Label Shape: (2048, 2048)
Error processing index 13: OpenCV(4.11.0) /io/opencv/modules/core/src/copy.cpp:1026: error: (-215:Assertion failed) top >= 0 && bottom >= 0 && left >= 0 && right >= 0 && _src.dims() <= 2 in function 'copyMakeBorder'

Error at index 13: OpenCV(4.11.0) /io/opencv/modules/core/src/copy.cpp:1026: error: (-215:Assertion failed) top >= 0 && bottom >= 0 && left >= 0 && right >= 0 && _src.dims() <= 2 in function 'copyMakeBorder'

Index: 14, Name: 165_D.png
Image Path: dataset/FIVES/train/image/165_D.png, Label Path: dataset/FIVES/train/label/165_D.png
Image Shape: (2048, 2048, 3), Label Shape: (2048, 2048)
Error processing index 14: OpenCV(4.11.0) /io/opencv/modules/core/src/copy.cpp:1026: error: (-215:Assertion failed) top >= 0 && bottom >= 0 && left >= 0 && right >= 0 && _src.dims() <= 2 in function 'copyMakeBorder'

Error at index 14: OpenCV(4.11.0) /io/opencv/modules/core/src/copy.cpp:1026: error: (-215:Assertion failed) top >= 0 && bottom >= 0 && left >= 0 && right >= 0 && _src.dims() <= 2 in function 'copyMakeBorder'

Index: 15, Name: 302_G.png
Image Path: dataset/FIVES/train/image/302_G.png, Label Path: dataset/FIVES/train/label/302_G.png
Image Shape: (2048, 2048, 3), Label Shape: (2048, 2048)
Error processing index 15: OpenCV(4.11.0) /io/opencv/modules/core/src/copy.cpp:1026: error: (-215:Assertion failed) top >= 0 && bottom >= 0 && left >= 0 && right >= 0 && _src.dims() <= 2 in function 'copyMakeBorder'

Error at index 15: OpenCV(4.11.0) /io/opencv/modules/core/src/copy.cpp:1026: error: (-215:Assertion failed) top >= 0 && bottom >= 0 && left >= 0 && right >= 0 && _src.dims() <= 2 in function 'copyMakeBorder'

Index: 16, Name: 237_D.png
Image Path: dataset/FIVES/train/image/237_D.png, Label Path: dataset/FIVES/train/label/237_D.png
Image Shape: (2048, 2048, 3), Label Shape: (2048, 2048)
Error processing index 16: OpenCV(4.11.0) /io/opencv/modules/core/src/copy.cpp:1026: error: (-215:Assertion failed) top >= 0 && bottom >= 0 && left >= 0 && right >= 0 && _src.dims() <= 2 in function 'copyMakeBorder'

Error at index 16: OpenCV(4.11.0) /io/opencv/modules/core/src/copy.cpp:1026: error: (-215:Assertion failed) top >= 0 && bottom >= 0 && left >= 0 && right >= 0 && _src.dims() <= 2 in function 'copyMakeBorder'

Index: 17, Name: 4_A.png
Image Path: dataset/FIVES/train/image/4_A.png, Label Path: dataset/FIVES/train/label/4_A.png
Image Shape: (2048, 2048, 3), Label Shape: (2048, 2048)
Error processing index 17: OpenCV(4.11.0) /io/opencv/modules/core/src/copy.cpp:1026: error: (-215:Assertion failed) top >= 0 && bottom >= 0 && left >= 0 && right >= 0 && _src.dims() <= 2 in function 'copyMakeBorder'

Error at index 17: OpenCV(4.11.0) /io/opencv/modules/core/src/copy.cpp:1026: error: (-215:Assertion failed) top >= 0 && bottom >= 0 && left >= 0 && right >= 0 && _src.dims() <= 2 in function 'copyMakeBorder'

Index: 18, Name: 471_N.png
Image Path: dataset/FIVES/train/image/471_N.png, Label Path: dataset/FIVES/train/label/471_N.png
Image Shape: (2048, 2048, 3), Label Shape: (2048, 2048)
Error processing index 18: OpenCV(4.11.0) /io/opencv/modules/core/src/copy.cpp:1026: error: (-215:Assertion failed) top >= 0 && bottom >= 0 && left >= 0 && right >= 0 && _src.dims() <= 2 in function 'copyMakeBorder'

Error at index 18: OpenCV(4.11.0) /io/opencv/modules/core/src/copy.cpp:1026: error: (-215:Assertion failed) top >= 0 && bottom >= 0 && left >= 0 && right >= 0 && _src.dims() <= 2 in function 'copyMakeBorder'

Index: 19, Name: 131_A.png
Image Path: dataset/FIVES/train/image/131_A.png, Label Path: dataset/FIVES/train/label/131_A.png
Image Shape: (2048, 2048, 3), Label Shape: (2048, 2048)
Error processing index 19: OpenCV(4.11.0) /io/opencv/modules/core/src/copy.cpp:1026: error: (-215:Assertion failed) top >= 0 && bottom >= 0 && left >= 0 && right >= 0 && _src.dims() <= 2 in function 'copyMakeBorder'

Error at index 19: OpenCV(4.11.0) /io/opencv/modules/core/src/copy.cpp:1026: error: (-215:Assertion failed) top >= 0 && bottom >= 0 && left >= 0 && right >= 0 && _src.dims() <= 2 in function 'copyMakeBorder'

Models: []
Datasets: ['FIVES']
